V C S   S i m u l a t i o n   R e p o r t 

                  30 TB_INFO : clk frequency match
                  30 current time 
                  50 TB_INFO : clk frequency match
                  50 current time 
                  70 TB_INFO : clk frequency match
                  70 current time 
                  90 TB_INFO : clk frequency match
                  90 current time 
                 110 TB_INFO : clk frequency match
                 110 current time 
                 130 TB_INFO : clk frequency match
                 130 current time 
                 150 TB_INFO : clk frequency match
                 150 current time 
                 170 TB_INFO : clk frequency match
                 170 current time 
                 190 TB_INFO : clk frequency match
                 190 current time 
                 210 TB_INFO : clk frequency match
                 210 current time 
                 230 TB_INFO : clk frequency match
                 230 current time 
                 250 TB_INFO : clk frequency match
                 250 current time 
                 270 TB_INFO : clk frequency match
                 270 current time 
                 290 TB_INFO : clk frequency match
                 290 current time 
                 310 TB_INFO : clk frequency match
                 310 current time 
                 330 TB_INFO : clk frequency match
                 330 current time 
                 350 TB_INFO : clk frequency match
                 350 current time 
                 370 TB_INFO : clk frequency match
                 370 current time 
                 390 TB_INFO : clk frequency match
                 390 current time 
                 410 TB_INFO : clk frequency match
                 410 current time 
                 430 TB_INFO : clk frequency match
                 430 current time 
                 450 TB_INFO : clk frequency match
                 450 current time 
                 470 TB_INFO : clk frequency match
                 470 current time 
                 490 TB_INFO : clk frequency match
                 490 current time 
$finish called from file "testbench.sv", line 36.
$finish at simulation time                  500
